\BOOKMARK [1][-]{section.1}{Software List}{}% 1
\BOOKMARK [2][-]{subsection.1.1}{Asset Editing Software}{section.1}% 2
\BOOKMARK [2][-]{subsection.1.2}{Development Software}{section.1}% 3
\BOOKMARK [2][-]{subsection.1.3}{Services}{section.1}% 4
\BOOKMARK [2][-]{subsection.1.4}{Organization Software}{section.1}% 5
\BOOKMARK [2][-]{subsection.1.5}{Environments}{section.1}% 6
\BOOKMARK [1][-]{section.2}{Data Types and Format}{}% 7
\BOOKMARK [2][-]{subsection.2.1}{Text}{section.2}% 8
\BOOKMARK [2][-]{subsection.2.2}{Pictures}{section.2}% 9
\BOOKMARK [2][-]{subsection.2.3}{Diagrams}{section.2}% 10
\BOOKMARK [2][-]{subsection.2.4}{Maps}{section.2}% 11
\BOOKMARK [2][-]{subsection.2.5}{Release documents}{section.2}% 12
\BOOKMARK [2][-]{subsection.2.6}{3D Models}{section.2}% 13
\BOOKMARK [2][-]{subsection.2.7}{Audio files}{section.2}% 14
\BOOKMARK [1][-]{section.3}{Data Storage and Access}{}% 15
\BOOKMARK [2][-]{subsection.3.1}{Storing}{section.3}% 16
\BOOKMARK [2][-]{subsection.3.2}{Backup}{section.3}% 17
\BOOKMARK [2][-]{subsection.3.3}{Versioning}{section.3}% 18
\BOOKMARK [2][-]{subsection.3.4}{Public Releases}{section.3}% 19
\BOOKMARK [2][-]{subsection.3.5}{Setting Up the workspace}{section.3}% 20
\BOOKMARK [3][-]{subsubsection.3.5.1}{Creation}{subsection.3.5}% 21
\BOOKMARK [3][-]{subsubsection.3.5.2}{Drive connection}{subsection.3.5}% 22
\BOOKMARK [3][-]{subsubsection.3.5.3}{Clone}{subsection.3.5}% 23
\BOOKMARK [3][-]{subsubsection.3.5.4}{Git flow initialization}{subsection.3.5}% 24
\BOOKMARK [1][-]{section.4}{Directory Structure}{}% 25
\BOOKMARK [1][-]{section.5}{File Naming Conventions}{}% 26
